Aug 11, 2025 8:42:59 PM com.cedarsoftware.util.MultiKeyMapPerformanceComparisonTest comparePerformance
INFO: === Cedar vs Apache MultiKeyMap Performance Comparison ===
Aug 11, 2025 8:42:59 PM com.cedarsoftware.util.MultiKeyMapPerformanceComparisonTest comparePerformance
INFO: Warming up JIT compiler...
[INFO] MultiKeyMap stripe configuration: 8 locks for 12 cores
[INFO] JIT warmup complete. Starting performance tests...

[INFO] Running 42 test configurations...

[INFO] Configuration                  | Implementation |    Put (ops/ms) |    Get (ops/ms) |    Avg Put (ns) |    Avg Get (ns) |     Winner
[INFO] -------------------------------------------------------------------------------------------------------------------------------------------------
[INFO] 3 keys, 50,000 entries         | Cedar        |        14,162.0 |        42,064.1 |            70.6 |            23.8 |
[INFO] 3 keys, 50,000 entries         | Apache       |        10,930.7 |        21,977.8 |            91.5 |            45.5 |
[INFO]                                |              |                 |                 |                 |                 |    Cedar++
[INFO] -------------------------------------------------------------------------------------------------------------------------------------------------
[INFO] 4 keys, 50,000 entries         | Cedar        |        12,686.3 |        36,420.2 |            78.8 |            27.5 |
[INFO] 4 keys, 50,000 entries         | Apache       |         9,367.2 |        29,629.9 |           106.8 |            33.7 |
[INFO]                                |              |                 |                 |                 |                 |    Cedar++
[INFO] -------------------------------------------------------------------------------------------------------------------------------------------------
[INFO] 4 keys, 250,000 entries        | Cedar        |         7,643.0 |        20,343.8 |           130.8 |            49.2 |
[INFO] 4 keys, 250,000 entries        | Apache       |         9,291.5 |        19,200.6 |           107.6 |            52.1 |
[INFO]                                |              |                 |                 |                 |                 |        Tie
[INFO] -------------------------------------------------------------------------------------------------------------------------------------------------
[INFO] 1 keys, 10,000 entries         | Cedar        |        24,961.6 |        67,699.3 |            40.1 |            14.8 |
[INFO] 1 keys, 10,000 entries         | Apache       |        17,642.1 |        32,264.6 |            56.7 |            31.0 |
[INFO]                                |              |                 |                 |                 |                 |    Cedar++
[INFO] -------------------------------------------------------------------------------------------------------------------------------------------------
[INFO] 5 keys, 250,000 entries        | Cedar        |         7,114.5 |         8,343.1 |           140.6 |           119.9 |
[INFO] 5 keys, 250,000 entries        | Apache       |         9,670.4 |        14,211.4 |           103.4 |            70.4 |
[INFO]                                |              |                 |                 |                 |                 |   Apache++
[INFO] -------------------------------------------------------------------------------------------------------------------------------------------------
[INFO] 2 keys, 10,000 entries         | Cedar        |        30,293.5 |        69,426.6 |            33.0 |            14.4 |
[INFO] 2 keys, 10,000 entries         | Apache       |        19,172.3 |        29,362.9 |            52.2 |            34.1 |
[INFO]                                |              |                 |                 |                 |                 |    Cedar++
[INFO] -------------------------------------------------------------------------------------------------------------------------------------------------
[INFO] 2 keys, 100,000 entries        | Cedar        |         6,372.4 |        27,861.6 |           156.9 |            35.9 |
[INFO] 2 keys, 100,000 entries        | Apache       |        12,113.8 |        20,538.2 |            82.6 |            48.7 |
[INFO]                                |              |                 |                 |                 |                 |        Tie
[INFO] -------------------------------------------------------------------------------------------------------------------------------------------------
[INFO] 5 keys, 25,000 entries         | Cedar        |        11,294.9 |        25,175.8 |            88.5 |            39.7 |
[INFO] 5 keys, 25,000 entries         | Apache       |        15,450.8 |        36,241.5 |            64.7 |            27.6 |
[INFO]                                |              |                 |                 |                 |                 |   Apache++
[INFO] -------------------------------------------------------------------------------------------------------------------------------------------------
[INFO] 5 keys, 50,000 entries         | Cedar        |         7,688.3 |        16,956.4 |           130.1 |            59.0 |
[INFO] 5 keys, 50,000 entries         | Apache       |        14,938.1 |        32,708.0 |            66.9 |            30.6 |
[INFO]                                |              |                 |                 |                 |                 |   Apache++
[INFO] -------------------------------------------------------------------------------------------------------------------------------------------------
[INFO] 5 keys, 10,000 entries         | Cedar        |         9,526.9 |        18,465.8 |           105.0 |            54.2 |
[INFO] 5 keys, 10,000 entries         | Apache       |        19,186.8 |        31,789.8 |            52.1 |            31.5 |
[INFO]                                |              |                 |                 |                 |                 |   Apache++
[INFO] -------------------------------------------------------------------------------------------------------------------------------------------------
[INFO] 1 keys, 50,000 entries         | Cedar        |        10,449.5 |        37,001.7 |            95.7 |            27.0 |
[INFO] 1 keys, 50,000 entries         | Apache       |         9,020.6 |        22,840.2 |           110.9 |            43.8 |
[INFO]                                |              |                 |                 |                 |                 |    Cedar++
[INFO] -------------------------------------------------------------------------------------------------------------------------------------------------
[INFO] 4 keys, 100 entries            | Cedar        |        17,120.4 |        46,707.1 |            58.4 |            21.4 |
[INFO] 4 keys, 100 entries            | Apache       |        14,697.2 |        26,490.1 |            68.0 |            37.8 |
[INFO]                                |              |                 |                 |                 |                 |    Cedar++
[INFO] -------------------------------------------------------------------------------------------------------------------------------------------------
[INFO] 3 keys, 100 entries            | Cedar        |         5,998.8 |        15,625.0 |           166.7 |            64.0 |
[INFO] 3 keys, 100 entries            | Apache       |        14,662.8 |        30,693.7 |            68.2 |            32.6 |
[INFO]                                |              |                 |                 |                 |                 |   Apache++
[INFO] -------------------------------------------------------------------------------------------------------------------------------------------------
[INFO] 2 keys, 50,000 entries         | Cedar        |        11,272.8 |        27,276.8 |            88.7 |            36.7 |
[INFO] 2 keys, 50,000 entries         | Apache       |        10,100.3 |        23,331.4 |            99.0 |            42.9 |
[INFO]                                |              |                 |                 |                 |                 |    Cedar++
[INFO] -------------------------------------------------------------------------------------------------------------------------------------------------
[INFO] 2 keys, 250,000 entries        | Cedar        |        11,465.4 |        29,993.8 |            87.2 |            33.3 |
[INFO] 2 keys, 250,000 entries        | Apache       |        11,102.3 |        28,500.8 |            90.1 |            35.1 |
[INFO]                                |              |                 |                 |                 |                 |        Tie
[INFO] -------------------------------------------------------------------------------------------------------------------------------------------------
[INFO] 3 keys, 100,000 entries        | Cedar        |        10,851.2 |        33,381.6 |            92.2 |            30.0 |
[INFO] 3 keys, 100,000 entries        | Apache       |        11,706.1 |        19,400.3 |            85.4 |            51.5 |
[INFO]                                |              |                 |                 |                 |                 |    Cedar++
[INFO] -------------------------------------------------------------------------------------------------------------------------------------------------
[INFO] 4 keys, 25,000 entries         | Cedar        |         8,473.1 |        24,760.3 |           118.0 |            40.4 |
[INFO] 4 keys, 25,000 entries         | Apache       |         8,244.2 |        41,022.0 |           121.3 |            24.4 |
[INFO]                                |              |                 |                 |                 |                 |   Apache++
[INFO] -------------------------------------------------------------------------------------------------------------------------------------------------
[INFO] 4 keys, 100,000 entries        | Cedar        |         7,019.1 |        17,780.5 |           142.5 |            56.2 |
[INFO] 4 keys, 100,000 entries        | Apache       |         5,759.1 |        13,024.8 |           173.6 |            76.8 |
[INFO]                                |              |                 |                 |                 |                 |    Cedar++
[INFO] -------------------------------------------------------------------------------------------------------------------------------------------------
[INFO] 4 keys, 10,000 entries         | Cedar        |        15,645.1 |        35,671.4 |            63.9 |            28.0 |
[INFO] 4 keys, 10,000 entries         | Apache       |        12,165.3 |        20,978.3 |            82.2 |            47.7 |
[INFO]                                |              |                 |                 |                 |                 |    Cedar++
[INFO] -------------------------------------------------------------------------------------------------------------------------------------------------
[INFO] 5 keys, 1,000 entries          | Cedar        |         5,034.4 |        10,101.9 |           198.6 |            99.0 |
[INFO] 5 keys, 1,000 entries          | Apache       |        16,949.2 |        27,070.2 |            59.0 |            36.9 |
[INFO]                                |              |                 |                 |                 |                 |   Apache++
[INFO] -------------------------------------------------------------------------------------------------------------------------------------------------
[INFO] 5 keys, 100,000 entries        | Cedar        |         6,786.6 |        17,076.5 |           147.3 |            58.6 |
[INFO] 5 keys, 100,000 entries        | Apache       |         9,238.8 |        20,801.0 |           108.2 |            48.1 |
[INFO]                                |              |                 |                 |                 |                 |   Apache++
[INFO] -------------------------------------------------------------------------------------------------------------------------------------------------
[INFO] 2 keys, 25,000 entries         | Cedar        |        12,739.0 |        39,047.6 |            78.5 |            25.6 |
[INFO] 2 keys, 25,000 entries         | Apache       |         9,747.0 |        34,341.6 |           102.6 |            29.1 |
[INFO]                                |              |                 |                 |                 |                 |    Cedar++
[INFO] -------------------------------------------------------------------------------------------------------------------------------------------------
[INFO] 3 keys, 10,000 entries         | Cedar        |         9,091.0 |        21,249.1 |           110.0 |            47.1 |
[INFO] 3 keys, 10,000 entries         | Apache       |        18,717.7 |        37,832.4 |            53.4 |            26.4 |
[INFO]                                |              |                 |                 |                 |                 |   Apache++
[INFO] -------------------------------------------------------------------------------------------------------------------------------------------------
[INFO] 2 keys, 100 entries            | Cedar        |        13,762.7 |        39,808.9 |            72.7 |            25.1 |
[INFO] 2 keys, 100 entries            | Apache       |         6,327.5 |        10,489.9 |           158.0 |            95.3 |
[INFO]                                |              |                 |                 |                 |                 |    Cedar++
[INFO] -------------------------------------------------------------------------------------------------------------------------------------------------
[INFO] 3 keys, 250,000 entries        | Cedar        |        10,764.7 |        24,901.5 |            92.9 |            40.2 |
[INFO] 3 keys, 250,000 entries        | Apache       |        12,488.5 |        19,273.1 |            80.1 |            51.9 |
[INFO]                                |              |                 |                 |                 |                 |    Cedar++
[INFO] -------------------------------------------------------------------------------------------------------------------------------------------------
[INFO] 4 keys, 1,000 entries          | Cedar        |        22,499.7 |        45,370.0 |            44.4 |            22.0 |
[INFO] 4 keys, 1,000 entries          | Apache       |        13,232.6 |        27,536.1 |            75.6 |            36.3 |
[INFO]                                |              |                 |                 |                 |                 |    Cedar++
[INFO] -------------------------------------------------------------------------------------------------------------------------------------------------
[INFO] 6 keys, 100 entries            | Cedar        |         3,285.9 |         7,177.2 |           304.3 |           139.3 |
[INFO] 6 keys, 100 entries            | Apache       |        13,491.6 |        21,146.1 |            74.1 |            47.3 |
[INFO]                                |              |                 |                 |                 |                 |   Apache++
[INFO] -------------------------------------------------------------------------------------------------------------------------------------------------
[INFO] 6 keys, 1,000 entries          | Cedar        |         4,019.5 |         7,464.6 |           248.8 |           134.0 |
[INFO] 6 keys, 1,000 entries          | Apache       |        13,337.1 |        27,859.0 |            75.0 |            35.9 |
[INFO]                                |              |                 |                 |                 |                 |   Apache++
[INFO] -------------------------------------------------------------------------------------------------------------------------------------------------
[INFO] 3 keys, 1,000 entries          | Cedar        |         3,497.3 |         9,111.7 |           285.9 |           109.7 |
[INFO] 3 keys, 1,000 entries          | Apache       |        17,286.4 |        42,584.0 |            57.8 |            23.5 |
[INFO]                                |              |                 |                 |                 |                 |   Apache++
[INFO] -------------------------------------------------------------------------------------------------------------------------------------------------
[INFO] 6 keys, 10,000 entries         | Cedar        |         4,373.1 |         8,822.3 |           228.7 |           113.3 |
[INFO] 6 keys, 10,000 entries         | Apache       |         6,839.3 |        12,158.5 |           146.2 |            82.2 |
[INFO]                                |              |                 |                 |                 |                 |   Apache++
[INFO] -------------------------------------------------------------------------------------------------------------------------------------------------
[INFO] 1 keys, 100 entries            | Cedar        |         3,606.9 |        12,966.8 |           277.3 |            77.1 |
[INFO] 1 keys, 100 entries            | Apache       |        25,157.2 |        51,177.1 |            39.8 |            19.5 |
[INFO]                                |              |                 |                 |                 |                 |   Apache++
[INFO] -------------------------------------------------------------------------------------------------------------------------------------------------
[INFO] 5 keys, 100 entries            | Cedar        |         3,613.5 |         8,048.9 |           276.7 |           124.2 |
[INFO] 5 keys, 100 entries            | Apache       |         4,689.3 |         6,952.7 |           213.3 |           143.8 |
[INFO]                                |              |                 |                 |                 |                 |        Tie
[INFO] -------------------------------------------------------------------------------------------------------------------------------------------------
[INFO] 3 keys, 25,000 entries         | Cedar        |         8,314.1 |        27,309.0 |           120.3 |            36.6 |
[INFO] 3 keys, 25,000 entries         | Apache       |         7,004.5 |        23,013.9 |           142.8 |            43.5 |
[INFO]                                |              |                 |                 |                 |                 |    Cedar++
[INFO] -------------------------------------------------------------------------------------------------------------------------------------------------
[INFO] 1 keys, 1,000 entries          | Cedar        |         9,239.7 |        30,238.9 |           108.2 |            33.1 |
[INFO] 1 keys, 1,000 entries          | Apache       |        21,596.4 |        34,315.9 |            46.3 |            29.1 |
[INFO]                                |              |                 |                 |                 |                 |   Apache++
[INFO] -------------------------------------------------------------------------------------------------------------------------------------------------
[INFO] 1 keys, 25,000 entries         | Cedar        |         8,116.7 |        46,122.7 |           123.2 |            21.7 |
[INFO] 1 keys, 25,000 entries         | Apache       |         9,382.1 |        21,187.1 |           106.6 |            47.2 |
[INFO]                                |              |                 |                 |                 |                 |    Cedar++
[INFO] -------------------------------------------------------------------------------------------------------------------------------------------------
[INFO] 6 keys, 100,000 entries        | Cedar        |         5,374.3 |         9,060.4 |           186.1 |           110.4 |
[INFO] 6 keys, 100,000 entries        | Apache       |         4,664.1 |        11,165.7 |           214.4 |            89.6 |
[INFO]                                |              |                 |                 |                 |                 |        Tie
[INFO] -------------------------------------------------------------------------------------------------------------------------------------------------
[INFO] 6 keys, 50,000 entries         | Cedar        |         8,051.2 |        20,477.5 |           124.2 |            48.8 |
[INFO] 6 keys, 50,000 entries         | Apache       |         9,075.1 |        18,201.4 |           110.2 |            54.9 |
[INFO]                                |              |                 |                 |                 |                 |        Tie
[INFO] -------------------------------------------------------------------------------------------------------------------------------------------------
[INFO] 1 keys, 250,000 entries        | Cedar        |        10,885.5 |        31,016.1 |            91.9 |            32.2 |
[INFO] 1 keys, 250,000 entries        | Apache       |        11,848.4 |        19,927.0 |            84.4 |            50.2 |
[INFO]                                |              |                 |                 |                 |                 |    Cedar++
[INFO] -------------------------------------------------------------------------------------------------------------------------------------------------
[INFO] 6 keys, 25,000 entries         | Cedar        |        10,160.1 |        25,038.1 |            98.4 |            39.9 |
[INFO] 6 keys, 25,000 entries         | Apache       |        13,095.0 |        26,119.2 |            76.4 |            38.3 |
[INFO]                                |              |                 |                 |                 |                 |   Apache++
[INFO] -------------------------------------------------------------------------------------------------------------------------------------------------
[INFO] 6 keys, 250,000 entries        | Cedar        |         5,804.1 |         8,955.3 |           172.3 |           111.7 |
[INFO] 6 keys, 250,000 entries        | Apache       |         7,089.8 |        13,079.4 |           141.0 |            76.5 |
[INFO]                                |              |                 |                 |                 |                 |   Apache++
[INFO] -------------------------------------------------------------------------------------------------------------------------------------------------
[INFO] 1 keys, 100,000 entries        | Cedar        |         8,814.6 |        30,451.9 |           113.4 |            32.8 |
[INFO] 1 keys, 100,000 entries        | Apache       |         9,103.3 |        19,947.0 |           109.9 |            50.1 |
[INFO]                                |              |                 |                 |                 |                 |    Cedar++
[INFO] -------------------------------------------------------------------------------------------------------------------------------------------------
[INFO] 2 keys, 1,000 entries          | Cedar        |        26,252.9 |        55,608.1 |            38.1 |            18.0 |
[INFO] 2 keys, 1,000 entries          | Apache       |        15,433.3 |        34,557.8 |            64.8 |            28.9 |
[INFO]                                |              |                 |                 |                 |                 |    Cedar++
[INFO] -------------------------------------------------------------------------------------------------------------------------------------------------
